<?xml version="1.0" encoding="UTF-8"?>
<testng-results ignored="0" total="2" passed="2" failed="0" skipped="0">
  <reporter-output>
  </reporter-output>
  <suite started-at="2018-11-29T10:25:40Z" name="test" finished-at="2018-11-29T10:25:47Z" duration-ms="6511">
    <groups>
    </groups>
    <test started-at="2018-11-29T10:25:40Z" name="test1" finished-at="2018-11-29T10:25:47Z" duration-ms="6511">
      <class name="test.Test1">
        <test-method signature="testMethod1()[pri:0, instance:test.Test1@30c15d8b]" started-at="2018-11-29T10:25:40Z" name="testMethod1" finished-at="2018-11-29T10:25:47Z" duration-ms="6494" status="PASS">
          <reporter-output>
          </reporter-output>
        </test-method> <!-- testMethod1 -->
      </class> <!-- test.Test1 -->
    </test> <!-- test1 -->
    <test started-at="2018-11-29T10:25:40Z" name="test2" finished-at="2018-11-29T10:25:47Z" duration-ms="6488">
      <class name="test.Test1">
        <test-method signature="testMethod1()[pri:0, instance:test.Test1@3b69e7d1]" started-at="2018-11-29T10:25:40Z" name="testMethod1" finished-at="2018-11-29T10:25:47Z" duration-ms="6470" status="PASS">
          <reporter-output>
          </reporter-output>
        </test-method> <!-- testMethod1 -->
      </class> <!-- test.Test1 -->
    </test> <!-- test2 -->
  </suite> <!-- test -->
</testng-results>
